<tx>0x09 0x01 0x00 0x00 0x00 0x23 0x7C 0x9B </tx>
<rx>0x09 0x01 0x05 0x00 0x00 0x00 0x00 0x9A 0x10 0x9F </rx>
<tx>0x09 0x01 0x00 0x50 0x00 0x10 0x3C 0x9F </tx>
<rx>0x09 0x01 0x02 0x00 0x00 0x58 0x3D </rx>
<tx>0x09 0x01 0x00 0x60 0x00 0x10 0x3C 0x90 </tx>
<rx>0x09 0x01 0x02 0x00 0x00 0x58 0x3D </rx>
<tx>0x09 0x01 0x00 0x2C 0x00 0x04 0xFD 0x48 </tx>
<rx>0x09 0x01 0x01 0x20 0x52 0x30 </rx>
<tx>0x09 0x01 0x00 0x00 0x00 0x23 0x7C 0x9B </tx>
<rx>0x09 0x01 0x05 0x00 0x00 0x00 0x00 0x9A 0x10 0x9F </rx>
<tx>0x09 0x01 0x00 0x50 0x00 0x10 0x3C 0x9F </tx>
<rx>0x09 0x01 0x02 0x00 0x00 0x58 0x3D </rx>
<tx>0x09 0x01 0x00 0x60 0x00 0x10 0x3C 0x90 </tx>
<rx>0x09 0x01 0x02 0x00 0x00 0x58 0x3D </rx>
<tx>0x09 0x01 0x00 0x2C 0x00 0x04 0xFD 0x48 </tx>
<rx>0x09 0x01 0x01 0x20 0x52 0x30 </rx>
<tx>0x09 0x01 0x00 0x00 0x00 0x23 0x7C 0x9B </tx>
<rx>0x09 0x01 0x05 0x00 0x00 0x00 0x00 0x9A 0x10 0x9F </rx>
<tx>0x09 0x01 0x00 0x50 0x00 0x10 0x3C 0x9F </tx>
<rx>0x09 0x01 0x02 0x00 0x00 0x58 0x3D </rx>
<tx>0x09 0x01 0x00 0x60 0x00 0x10 0x3C 0x90 </tx>
<rx>0x09 0x01 0x02 0x00 0x00 0x58 0x3D </rx>
<tx>0x09 0x01 0x00 0x2C 0x00 0x04 0xFD 0x48 </tx>
<rx>0x09 0x01 0x01 0x20 0x52 0x30 </rx>
<tx>0x09 0x01 0x00 0x00 0x00 0x23 0x7C 0x9B </tx>
<rx>0x09 0x01 0x05 0x00 0x00 0x00 0x00 0x9A 0x10 0x9F </rx>
<tx>0x09 0x01 0x00 0x50 0x00 0x10 0x3C 0x9F </tx>
<rx>0x09 0x01 0x02 0x00 0x00 0x58 0x3D </rx>
<tx>0x09 0x01 0x00 0x60 0x00 0x10 0x3C 0x90 </tx>
<rx>0x09 0x01 0x02 0x00 0x00 0x58 0x3D </rx>
<tx>0x09 0x01 0x00 0x2C 0x00 0x04 0xFD 0x48 </tx>
<rx>0x09 0x01 0x01 0x20 0x52 0x30 </rx>
<tx>0x09 0x01 0x00 0x00 0x00 0x23 0x7C 0x9B </tx>
<rx>0x09 0x01 0x05 0x00 0x00 0x00 0x00 0x9A 0x10 0x9F </rx>
<tx>0x09 0x01 0x00 0x50 0x00 0x10 0x3C 0x9F </tx>
<rx>0x09 0x01 0x02 0x00 0x00 0x58 0x3D </rx>
<tx>0x09 0x01 0x00 0x60 0x00 0x10 0x3C 0x90 </tx>
<rx>0x09 0x01 0x02 0x00 0x00 0x58 0x3D </rx>
<tx>0x09 0x01 0x00 0x2C 0x00 0x04 0xFD 0x48 </tx>
<rx>0x09 0x01 0x01 0x20 0x52 0x30 </rx>
<tx>0x09 0x01 0x00 0x00 0x00 0x23 0x7C 0x9B </tx>
<rx>0x09 0x01 0x05 0x00 0x00 0x00 0x00 0x9A 0x10 0x9F </rx>
<tx>0x09 0x01 0x00 0x50 0x00 0x10 0x3C 0x9F </tx>
<rx>0x09 0x01 0x02 0x00 0x00 0x58 0x3D </rx>
<tx>0x09 0x01 0x00 0x60 0x00 0x10 0x3C 0x90 </tx>
<rx>0x09 0x01 0x02 0x00 0x00 0x58 0x3D </rx>
<tx>0x09 0x01 0x00 0x2C 0x00 0x04 0xFD 0x48 </tx>
<rx>0x09 0x01 0x01 0x20 0x52 0x30 </rx>
<tx>0x09 0x01 0x00 0x00 0x00 0x23 0x7C 0x9B </tx>
<rx>0x09 0x01 0x05 0x00 0x00 0x00 0x00 0x9A 0x10 0x9F </rx>
<tx>0x09 0x01 0x00 0x50 0x00 0x10 0x3C 0x9F </tx>
<rx>0x09 0x01 0x02 0x00 0x00 0x58 0x3D </rx>
<tx>0x09 0x01 0x00 0x60 0x00 0x10 0x3C 0x90 </tx>
<rx>0x09 0x01 0x02 0x00 0x00 0x58 0x3D </rx>
<tx>0x09 0x01 0x00 0x2C 0x00 0x04 0xFD 0x48 </tx>
<rx>0x09 0x01 0x01 0x20 0x52 0x30 </rx>
<tx>0x09 0x01 0x00 0x00 0x00 0x23 0x7C 0x9B </tx>
<rx>0x09 0x01 0x05 0x00 0x00 0x00 0x00 0x9A 0x10 0x9F </rx>
<tx>0x09 0x01 0x00 0x50 0x00 0x10 0x3C 0x9F </tx>
<rx>0x09 0x01 0x02 0x00 0x00 0x58 0x3D </rx>
<tx>0x09 0x01 0x00 0x60 0x00 0x10 0x3C 0x90 </tx>
<rx>0x09 0x01 0x02 0x00 0x00 0x58 0x3D </rx>
<tx>0x09 0x01 0x00 0x2C 0x00 0x04 0xFD 0x48 </tx>
<rx>0x09 0x01 0x01 0x20 0x52 0x30 </rx>
<tx>0x09 0x01 0x00 0x00 0x00 0x23 0x7C 0x9B </tx>
<rx>0x09 0x01 0x05 0x00 0x00 0x00 0x00 0x9A 0x10 0x9F </rx>
<tx>0x09 0x01 0x00 0x50 0x00 0x10 0x3C 0x9F </tx>
<rx>0x09 0x01 0x02 0x00 0x00 0x58 0x3D </rx>
<tx>0x09 0x01 0x00 0x60 0x00 0x10 0x3C 0x90 </tx>
<rx>0x09 0x01 0x02 0x00 0x00 0x58 0x3D </rx>
<tx>0x09 0x01 0x00 0x2C 0x00 0x04 0xFD 0x48 </tx>
<rx>0x09 0x01 0x01 0x20 0x52 0x30 </rx>
<tx>0x09 0x01 0x00 0x00 0x00 0x23 0x7C 0x9B </tx>
<rx>0x09 0x01 0x05 0x00 0x00 0x00 0x00 0x9A 0x10 0x9F </rx>
<tx>0x09 0x01 0x00 0x50 0x00 0x10 0x3C 0x9F </tx>
<rx>0x09 0x01 0x02 0x00 0x00 0x58 0x3D </rx>
<tx>0x09 0x01 0x00 0x60 0x00 0x10 0x3C 0x90 </tx>
<rx>0x09 0x01 0x02 0x00 0x00 0x58 0x3D </rx>
<tx>0x09 0x01 0x00 0x2C 0x00 0x04 0xFD 0x48 </tx>
<rx>0x09 0x01 0x01 0x20 0x52 0x30 </rx>
<tx>0x09 0x01 0x00 0x00 0x00 0x23 0x7C 0x9B </tx>
<rx>0x09 0x01 0x05 0x00 0x00 0x00 0x00 0x9A 0x10 0x9F </rx>
<tx>0x09 0x01 0x00 0x50 0x00 0x10 0x3C 0x9F </tx>
<rx>0x09 0x01 0x02 0x00 0x00 0x58 0x3D </rx>
<tx>0x09 0x01 0x00 0x60 0x00 0x10 0x3C 0x90 </tx>
<rx>0x09 0x01 0x02 0x00 0x00 0x58 0x3D </rx>
<tx>0x09 0x01 0x00 0x2C 0x00 0x04 0xFD 0x48 </tx>
<rx>0x09 0x01 0x01 0x20 0x52 0x30 </rx>
<tx>0x09 0x01 0x00 0x00 0x00 0x23 0x7C 0x9B </tx>
<rx>0x09 0x01 0x05 0x00 0x00 0x00 0x00 0x9A 0x10 0x9F </rx>
<tx>0x09 0x01 0x00 0x50 0x00 0x10 0x3C 0x9F </tx>
<rx>0x09 0x01 0x02 0x00 0x00 0x58 0x3D </rx>
<tx>0x09 0x01 0x00 0x60 0x00 0x10 0x3C 0x90 </tx>
<rx>0x09 0x01 0x02 0x00 0x00 0x58 0x3D </rx>
<tx>0x09 0x01 0x00 0x2C 0x00 0x04 0xFD 0x48 </tx>
<rx>0x09 0x01 0x01 0x20 0x52 0x30 </rx>
<tx>0x09 0x01 0x00 0x00 0x00 0x23 0x7C 0x9B </tx>
<rx>0x09 0x01 0x05 0x00 0x00 0x00 0x00 0x9A 0x10 0x9F </rx>
<tx>0x09 0x01 0x00 0x50 0x00 0x10 0x3C 0x9F </tx>
<rx>0x09 0x01 0x02 0x00 0x00 0x58 0x3D </rx>
<tx>0x09 0x01 0x00 0x60 0x00 0x10 0x3C 0x90 </tx>
<rx>0x09 0x01 0x02 0x00 0x00 0x58 0x3D </rx>
<tx>0x09 0x01 0x00 0x2C 0x00 0x04 0xFD 0x48 </tx>
<rx>0x09 0x01 0x01 0x20 0x52 0x30 </rx>
<tx>0x09 0x01 0x00 0x00 0x00 0x23 0x7C 0x9B </tx>
<rx>0x09 0x01 0x05 0x00 0x00 0x00 0x00 0x9A 0x10 0x9F </rx>
<tx>0x09 0x01 0x00 0x50 0x00 0x10 0x3C 0x9F </tx>
<rx>0x09 0x01 0x02 0x00 0x00 0x58 0x3D </rx>
<tx>0x09 0x01 0x00 0x60 0x00 0x10 0x3C 0x90 </tx>
<rx>0x09 0x01 0x02 0x00 0x00 0x58 0x3D </rx>
<tx>0x09 0x01 0x00 0x2C 0x00 0x04 0xFD 0x48 </tx>
<rx>0x09 0x01 0x01 0x20 0x52 0x30 </rx>
<tx>0x09 0x01 0x00 0x00 0x00 0x23 0x7C 0x9B </tx>
<rx>0x09 0x01 0x05 0x00 0x00 0x00 0x00 0x9A 0x10 0x9F </rx>
<tx>0x09 0x01 0x00 0x50 0x00 0x10 0x3C 0x9F </tx>
<rx>0x09 0x01 0x02 0x00 0x00 0x58 0x3D </rx>
<tx>0x09 0x01 0x00 0x60 0x00 0x10 0x3C 0x90 </tx>
<rx>0x09 0x01 0x02 0x00 0x00 0x58 0x3D </rx>
<tx>0x09 0x01 0x00 0x2C 0x00 0x04 0xFD 0x48 </tx>
<rx>0x09 0x01 0x01 0x20 0x52 0x30 </rx>
<tx>0x09 0x01 0x00 0x00 0x00 0x23 0x7C 0x9B </tx>
<rx>0x09 0x01 0x05 0x00 0x00 0x00 0x00 0x9A 0x10 0x9F </rx>
<tx>0x09 0x01 0x00 0x50 0x00 0x10 0x3C 0x9F </tx>
<rx>0x09 0x01 0x02 0x00 0x00 0x58 0x3D </rx>
<tx>0x09 0x01 0x00 0x60 0x00 0x10 0x3C 0x90 </tx>
<rx>0x09 0x01 0x02 0x00 0x00 0x58 0x3D </rx>
<tx>0x09 0x01 0x00 0x2C 0x00 0x04 0xFD 0x48 </tx>
<rx>0x09 0x01 0x01 0x20 0x52 0x30 </rx>
<tx>0x09 0x01 0x00 0x00 0x00 0x23 0x7C 0x9B </tx>
<rx>0x09 0x01 0x05 0x00 0x00 0x00 0x00 0x9A 0x10 0x9F </rx>
<tx>0x09 0x01 0x00 0x50 0x00 0x10 0x3C 0x9F </tx>
<rx>0x09 0x01 0x02 0x00 0x00 0x58 0x3D </rx>
<tx>0x09 0x01 0x00 0x60 0x00 0x10 0x3C 0x90 </tx>
<rx>0x09 0x01 0x02 0x00 0x00 0x58 0x3D </rx>
<tx>0x09 0x01 0x00 0x2C 0x00 0x04 0xFD 0x48 </tx>
<rx>0x09 0x01 0x01 0x20 0x52 0x30 </rx>
<tx>0x09 0x01 0x00 0x00 0x00 0x23 0x7C 0x9B </tx>
<rx>0x09 0x01 0x05 0x00 0x00 0x00 0x00 0x9A 0x10 0x9F </rx>
<tx>0x09 0x01 0x00 0x50 0x00 0x10 0x3C 0x9F </tx>
<rx>0x09 0x01 0x02 0x00 0x00 0x58 0x3D </rx>
<tx>0x09 0x01 0x00 0x60 0x00 0x10 0x3C 0x90 </tx>
<rx>0x09 0x01 0x02 0x00 0x00 0x58 0x3D </rx>
<tx>0x09 0x01 0x00 0x2C 0x00 0x04 0xFD 0x48 </tx>
<rx>0x09 0x01 0x01 0x20 0x52 0x30 </rx>
<tx>0x09 0x01 0x00 0x00 0x00 0x23 0x7C 0x9B </tx>
<rx>0x09 0x01 0x05 0x00 0x00 0x00 0x00 0x9A 0x10 0x9F </rx>
<tx>0x09 0x01 0x00 0x50 0x00 0x10 0x3C 0x9F </tx>
<rx>0x09 0x01 0x02 0x00 0x00 0x58 0x3D </rx>
<tx>0x09 0x01 0x00 0x60 0x00 0x10 0x3C 0x90 </tx>
<rx>0x09 0x01 0x02 0x00 0x00 0x58 0x3D </rx>
<tx>0x09 0x01 0x00 0x2C 0x00 0x04 0xFD 0x48 </tx>
<rx>0x09 0x01 0x01 0x24 0x53 0xF3 </rx>
<tx>0x09 0x01 0x00 0x00 0x00 0x23 0x7C 0x9B </tx>
<rx>0x09 0x01 0x05 0x00 0x00 0x00 0x00 0x9A 0x10 0x9F </rx>
<tx>0x09 0x01 0x00 0x50 0x00 0x10 0x3C 0x9F </tx>
<rx>0x09 0x01 0x02 0x00 0x00 0x58 0x3D </rx>
<tx>0x09 0x01 0x00 0x60 0x00 0x10 0x3C 0x90 </tx>
<rx>0x09 0x01 0x02 0x00 0x00 0x58 0x3D </rx>
<tx>0x09 0x01 0x00 0x2C 0x00 0x04 0xFD 0x48 </tx>
<rx>0x09 0x01 0x01 0x24 0x53 0xF3 </rx>
<tx>0x09 0x01 0x00 0x00 0x00 0x23 0x7C 0x9B </tx>
<rx>0x09 0x01 0x05 0x00 0x00 0x00 0x00 0x9A 0x10 0x9F </rx>
<tx>0x09 0x01 0x00 0x50 0x00 0x10 0x3C 0x9F </tx>
<rx>0x09 0x01 0x02 0x00 0x00 0x58 0x3D </rx>
<tx>0x09 0x01 0x00 0x60 0x00 0x10 0x3C 0x90 </tx>
<rx>0x09 0x01 0x02 0x00 0x00 0x58 0x3D </rx>
<tx>0x09 0x01 0x00 0x2C 0x00 0x04 0xFD 0x48 </tx>
<rx>0x09 0x01 0x01 0x24 0x53 0xF3 </rx>
<tx>0x09 0x01 0x00 0x00 0x00 0x23 0x7C 0x9B </tx>
<rx>0x09 0x01 0x05 0x00 0x00 0x00 0x00 0x9A 0x10 0x9F </rx>
<tx>0x09 0x01 0x00 0x50 0x00 0x10 0x3C 0x9F </tx>
<rx>0x09 0x01 0x02 0x00 0x00 0x58 0x3D </rx>
<tx>0x09 0x01 0x00 0x60 0x00 0x10 0x3C 0x90 </tx>
<rx>0x09 0x01 0x02 0x00 0x00 0x58 0x3D </rx>
<tx>0x09 0x01 0x00 0x2C 0x00 0x04 0xFD 0x48 </tx>
<rx>0x09 0x01 0x01 0x24 0x53 0xF3 </rx>
<tx>0x09 0x01 0x00 0x00 0x00 0x23 0x7C 0x9B </tx>
<rx>0x09 0x01 0x05 0x00 0x00 0x00 0x00 0x9A 0x10 0x9F </rx>
<tx>0x09 0x01 0x00 0x50 0x00 0x10 0x3C 0x9F </tx>
<rx>0x09 0x01 0x02 0x00 0x00 0x58 0x3D </rx>
<tx>0x09 0x01 0x00 0x60 0x00 0x10 0x3C 0x90 </tx>
<rx>0x09 0x01 0x02 0x00 0x00 0x58 0x3D </rx>
<tx>0x09 0x01 0x00 0x2C 0x00 0x04 0xFD 0x48 </tx>
<rx>0x09 0x01 0x01 0x24 0x53 0xF3 </rx>
<tx>0x09 0x05 0x00 0x03 0xFF 0x00 0x7D 0x72 </tx>
<rx>0x09 0x05 0x00 0x03 0xFF 0x00 0x7D 0x72 </rx>
<tx>0x09 0x01 0x00 0x50 0x00 0x10 0x3C 0x9F </tx>
<rx>0x09 0x01 0x02 0x00 0x00 0x58 0x3D </rx>
<tx>0x09 0x01 0x00 0x60 0x00 0x10 0x3C 0x90 </tx>
<rx>0x09 0x01 0x02 0x00 0x00 0x58 0x3D </rx>
<tx>0x09 0x01 0x00 0x2C 0x00 0x04 0xFD 0x48 </tx>
<rx>0x09 0x01 0x01 0x24 0x53 0xF3 </rx>
<tx>0x09 0x01 0x00 0x00 0x00 0x23 0x7C 0x9B </tx>
<rx>0x09 0x01 0x05 0x08 0x00 0x00 0x00 0x9A 0xF1 0x5E </rx>
<tx>0x09 0x01 0x00 0x50 0x00 0x10 0x3C 0x9F </tx>
<rx>0x09 0x01 0x02 0x00 0x00 0x58 0x3D </rx>
<tx>0x09 0x01 0x00 0x60 0x00 0x10 0x3C 0x90 </tx>
<rx>0x09 0x01 0x02 0x00 0x00 0x58 0x3D </rx>
<tx>0x09 0x01 0x00 0x2C 0x00 0x04 0xFD 0x48 </tx>
<rx>0x09 0x01 0x01 0x24 0x53 0xF3 </rx>
<tx>0x09 0x01 0x00 0x00 0x00 0x23 0x7C 0x9B </tx>
<rx>0x09 0x01 0x05 0x08 0x00 0x00 0x00 0x9A 0xF1 0x5E </rx>
<tx>0x09 0x01 0x00 0x50 0x00 0x10 0x3C 0x9F </tx>
<rx>0x09 0x01 0x02 0x00 0x00 0x58 0x3D </rx>
<tx>0x09 0x01 0x00 0x60 0x00 0x10 0x3C 0x90 </tx>
<rx>0x09 0x01 0x02 0x00 0x00 0x58 0x3D </rx>
<tx>0x09 0x01 0x00 0x2C 0x00 0x04 0xFD 0x48 </tx>
<rx>0x09 0x01 0x01 0x24 0x53 0xF3 </rx>
<tx>0x09 0x01 0x00 0x00 0x00 0x23 0x7C 0x9B </tx>
<rx>0x09 0x01 0x05 0x08 0x00 0x00 0x00 0x9A 0xF1 0x5E </rx>
<tx>0x09 0x01 0x00 0x50 0x00 0x10 0x3C 0x9F </tx>
<rx>0x09 0x01 0x02 0x00 0x00 0x58 0x3D </rx>
<tx>0x09 0x01 0x00 0x60 0x00 0x10 0x3C 0x90 </tx>
<rx>0x09 0x01 0x02 0x00 0x00 0x58 0x3D </rx>
<tx>0x09 0x01 0x00 0x2C 0x00 0x04 0xFD 0x48 </tx>
<rx>0x09 0x01 0x01 0x24 0x53 0xF3 </rx>
<tx>0x09 0x01 0x00 0x00 0x00 0x23 0x7C 0x9B </tx>
<rx>0x09 0x01 0x05 0x08 0x00 0x00 0x00 0x9A 0xF1 0x5E </rx>
<tx>0x09 0x01 0x00 0x50 0x00 0x10 0x3C 0x9F </tx>
<rx>0x09 0x01 0x02 0x00 0x00 0x58 0x3D </rx>
<tx>0x09 0x01 0x00 0x60 0x00 0x10 0x3C 0x90 </tx>
<rx>0x09 0x01 0x02 0x00 0x00 0x58 0x3D </rx>
<tx>0x09 0x01 0x00 0x2C 0x00 0x04 0xFD 0x48 </tx>
<rx>0x09 0x01 0x01 0x24 0x53 0xF3 </rx>
<tx>0x09 0x01 0x00 0x00 0x00 0x23 0x7C 0x9B </tx>
<rx>0x09 0x01 0x05 0x08 0x00 0x00 0x00 0x9A 0xF1 0x5E </rx>
<tx>0x09 0x01 0x00 0x50 0x00 0x10 0x3C 0x9F </tx>
<rx>0x09 0x01 0x02 0x00 0x00 0x58 0x3D </rx>
<tx>0x09 0x01 0x00 0x60 0x00 0x10 0x3C 0x90 </tx>
<tx>0x09 0x01 0x00 0x2C 0x00 0x04 0xFD 0x48 </tx>
<rx>0x09 0x01 0x01 0x24 0x53 0xF3 </rx>
<tx>0x09 0x01 0x00 0x00 0x00 0x23 0x7C 0x9B </tx>
<rx>0x09 0x01 0x05 0x08 0x00 0x00 0x00 0x9A 0xF1 0x5E </rx>
<tx>0x09 0x01 0x00 0x50 0x00 0x10 0x3C 0x9F </tx>
<rx>0x09 0x01 0x02 0x00 0x00 0x58 0x3D </rx>
<tx>0x09 0x01 0x00 0x60 0x00 0x10 0x3C 0x90 </tx>
<rx>0x09 0x01 0x02 0x00 0x00 0x58 0x3D </rx>
<tx>0x09 0x01 0x00 0x2C 0x00 0x04 0xFD 0x48 </tx>
<rx>0x09 0x01 0x01 0x24 0x53 0xF3 </rx>
<tx>0x09 0x01 0x00 0x00 0x00 0x23 0x7C 0x9B </tx>
<rx>0x09 0x01 0x05 0x08 0x00 0x00 0x00 0x9A 0xF1 0x5E </rx>
<tx>0x09 0x01 0x00 0x50 0x00 0x10 0x3C 0x9F </tx>
<rx>0x09 0x01 0x02 0x00 0x00 0x58 0x3D </rx>
<tx>0x09 0x01 0x00 0x60 0x00 0x10 0x3C 0x90 </tx>
<rx>0x09 0x01 0x02 0x00 0x00 0x58 0x3D </rx>
<tx>0x09 0x01 0x00 0x2C 0x00 0x04 0xFD 0x48 </tx>
<rx>0x09 0x01 0x01 0x26 0xD2 0x32 </rx>
<tx>0x09 0x01 0x00 0x00 0x00 0x23 0x7C 0x9B </tx>
<rx>0x09 0x01 0x05 0x08 0x00 0x00 0x00 0x9A 0xF1 0x5E </rx>
<tx>0x09 0x01 0x00 0x50 0x00 0x10 0x3C 0x9F </tx>
<rx>0x09 0x01 0x02 0x00 0x00 0x58 0x3D </rx>
<tx>0x09 0x01 0x00 0x60 0x00 0x10 0x3C 0x90 </tx>
<rx>0x09 0x01 0x02 0x00 0x00 0x58 0x3D </rx>
<tx>0x09 0x01 0x00 0x2C 0x00 0x04 0xFD 0x48 </tx>
<rx>0x09 0x01 0x01 0x23 0x12 0x31 </rx>
<tx>0x09 0x01 0x00 0x00 0x00 0x23 0x7C 0x9B </tx>
<rx>0x09 0x01 0x05 0x08 0x00 0x00 0x00 0x9A 0xF1 0x5E </rx>
<tx>0x09 0x01 0x00 0x50 0x00 0x10 0x3C 0x9F </tx>
<rx>0x09 0x01 0x02 0x00 0x00 0x58 0x3D </rx>
<tx>0x09 0x01 0x00 0x60 0x00 0x10 0x3C 0x90 </tx>
<rx>0x09 0x01 0x02 0x00 0x00 0x58 0x3D </rx>
<tx>0x09 0x01 0x00 0x2C 0x00 0x04 0xFD 0x48 </tx>
<rx>0x09 0x01 0x01 0x23 0x12 0x31 </rx>
<tx>0x09 0x01 0x00 0x00 0x00 0x23 0x7C 0x9B </tx>
<rx>0x09 0x01 0x05 0x08 0x00 0x00 0x00 0x9A 0xF1 0x5E </rx>
<tx>0x09 0x01 0x00 0x50 0x00 0x10 0x3C 0x9F </tx>
<rx>0x09 0x01 0x02 0x00 0x00 0x58 0x3D </rx>
<tx>0x09 0x01 0x00 0x60 0x00 0x10 0x3C 0x90 </tx>
<rx>0x09 0x01 0x02 0x00 0x00 0x58 0x3D </rx>
<tx>0x09 0x01 0x00 0x2C 0x00 0x04 0xFD 0x48 </tx>
<rx>0x09 0x01 0x01 0x23 0x12 0x31 </rx>
<tx>0x09 0x01 0x00 0x00 0x00 0x23 0x7C 0x9B </tx>
<rx>0x09 0x01 0x05 0x08 0x00 0x00 0x00 0x9A 0xF1 0x5E </rx>
<tx>0x09 0x01 0x00 0x50 0x00 0x10 0x3C 0x9F </tx>
<rx>0x09 0x01 0x02 0x00 0x00 0x58 0x3D </rx>
<tx>0x09 0x01 0x00 0x60 0x00 0x10 0x3C 0x90 </tx>
<rx>0x09 0x01 0x02 0x00 0x00 0x58 0x3D </rx>
<tx>0x09 0x01 0x00 0x2C 0x00 0x04 0xFD 0x48 </tx>
<rx>0x09 0x01 0x01 0x23 0x12 0x31 </rx>
<tx>0x09 0x01 0x00 0x00 0x00 0x23 0x7C 0x9B </tx>
<rx>0x09 0x01 0x05 0x08 0x00 0x00 0x00 0x9A 0xF1 0x5E </rx>
<tx>0x09 0x01 0x00 0x50 0x00 0x10 0x3C 0x9F </tx>
<rx>0x09 0x01 0x02 0x00 0x00 0x58 0x3D </rx>
<tx>0x09 0x01 0x00 0x60 0x00 0x10 0x3C 0x90 </tx>
<rx>0x09 0x01 0x02 0x00 0x00 0x58 0x3D </rx>
<tx>0x09 0x01 0x00 0x2C 0x00 0x04 0xFD 0x48 </tx>
<rx>0x09 0x01 0x01 0x23 0x12 0x31 </rx>
<tx>0x09 0x01 0x00 0x00 0x00 0x23 0x7C 0x9B </tx>
<rx>0x09 0x01 0x05 0x08 0x00 0x00 0x00 0x9A 0xF1 0x5E </rx>
<tx>0x09 0x01 0x00 0x50 0x00 0x10 0x3C 0x9F </tx>
<rx>0x09 0x01 0x02 0x00 0x00 0x58 0x3D </rx>
<tx>0x09 0x01 0x00 0x60 0x00 0x10 0x3C 0x90 </tx>
<rx>0x09 0x01 0x02 0x00 0x00 0x58 0x3D </rx>
<tx>0x09 0x01 0x00 0x2C 0x00 0x04 0xFD 0x48 </tx>
<rx>0x09 0x01 0x01 0x23 0x12 0x31 </rx>
<tx>0x09 0x01 0x00 0x00 0x00 0x23 0x7C 0x9B </tx>
<rx>0x09 0x01 0x05 0x08 0x00 0x00 0x00 0x9A 0xF1 0x5E </rx>
<tx>0x09 0x01 0x00 0x50 0x00 0x10 0x3C 0x9F </tx>
<rx>0x09 0x01 0x02 0x00 0x00 0x58 0x3D </rx>
<tx>0x09 0x01 0x00 0x60 0x00 0x10 0x3C 0x90 </tx>
<rx>0x09 0x01 0x02 0x00 0x00 0x58 0x3D </rx>
<tx>0x09 0x01 0x00 0x2C 0x00 0x04 0xFD 0x48 </tx>
<rx>0x09 0x01 0x01 0x23 0x12 0x31 </rx>
<tx>0x09 0x01 0x00 0x00 0x00 0x23 0x7C 0x9B </tx>
<rx>0x09 0x01 0x05 0x08 0x00 0x00 0x00 0x9A 0xF1 0x5E </rx>
<tx>0x09 0x01 0x00 0x50 0x00 0x10 0x3C 0x9F </tx>
<rx>0x09 0x01 0x02 0x00 0x00 0x58 0x3D </rx>
<tx>0x09 0x01 0x00 0x60 0x00 0x10 0x3C 0x90 </tx>
<rx>0x09 0x01 0x02 0x00 0x00 0x58 0x3D </rx>
<tx>0x09 0x01 0x00 0x2C 0x00 0x04 0xFD 0x48 </tx>
<rx>0x09 0x01 0x01 0x23 0x12 0x31 </rx>
<tx>0x09 0x01 0x00 0x00 0x00 0x23 0x7C 0x9B </tx>
<rx>0x09 0x01 0x05 0x08 0x00 0x00 0x00 0x9A 0xF1 0x5E </rx>
<tx>0x09 0x01 0x00 0x50 0x00 0x10 0x3C 0x9F </tx>
<rx>0x09 0x01 0x02 0x00 0x00 0x58 0x3D </rx>
<tx>0x09 0x01 0x00 0x60 0x00 0x10 0x3C 0x90 </tx>
<rx>0x09 0x01 0x02 0x00 0x00 0x58 0x3D </rx>
<tx>0x09 0x01 0x00 0x2C 0x00 0x04 0xFD 0x48 </tx>
<rx>0x09 0x01 0x01 0x23 0x12 0x31 </rx>
<tx>0x09 0x01 0x00 0x00 0x00 0x23 0x7C 0x9B </tx>
<rx>0x09 0x01 0x05 0x08 0x00 0x00 0x00 0x9A 0xF1 0x5E </rx>
<tx>0x09 0x01 0x00 0x50 0x00 0x10 0x3C 0x9F </tx>
<rx>0x09 0x01 0x02 0x00 0x00 0x58 0x3D </rx>
<tx>0x09 0x01 0x00 0x60 0x00 0x10 0x3C 0x90 </tx>
<rx>0x09 0x01 0x02 0x00 0x00 0x58 0x3D </rx>
<tx>0x09 0x01 0x00 0x2C 0x00 0x04 0xFD 0x48 </tx>
<rx>0x09 0x01 0x01 0x23 0x12 0x31 </rx>
<tx>0x09 0x01 0x00 0x00 0x00 0x23 0x7C 0x9B </tx>
<rx>0x09 0x01 0x05 0x08 0x00 0x00 0x00 0x9A 0xF1 0x5E </rx>
<tx>0x09 0x01 0x00 0x50 0x00 0x10 0x3C 0x9F </tx>
<rx>0x09 0x01 0x02 0x00 0x00 0x58 0x3D </rx>
<tx>0x09 0x01 0x00 0x60 0x00 0x10 0x3C 0x90 </tx>
<rx>0x09 0x01 0x02 0x00 0x00 0x58 0x3D </rx>
<tx>0x09 0x01 0x00 0x2C 0x00 0x04 0xFD 0x48 </tx>
<rx>0x09 0x01 0x01 0x23 0x12 0x31 </rx>
<tx>0x09 0x01 0x00 0x00 0x00 0x23 0x7C 0x9B </tx>
<rx>0x09 0x01 0x05 0x08 0x00 0x00 0x00 0x9A 0xF1 0x5E </rx>
<tx>0x09 0x01 0x00 0x50 0x00 0x10 0x3C 0x9F </tx>
<rx>0x09 0x01 0x02 0x00 0x00 0x58 0x3D </rx>
<tx>0x09 0x01 0x00 0x60 0x00 0x10 0x3C 0x90 </tx>
<rx>0x09 0x01 0x02 0x00 0x00 0x58 0x3D </rx>
<tx>0x09 0x01 0x00 0x2C 0x00 0x04 0xFD 0x48 </tx>
<rx>0x09 0x01 0x01 0x23 0x12 0x31 </rx>
<tx>0x09 0x01 0x00 0x00 0x00 0x23 0x7C 0x9B </tx>
<rx>0x09 0x01 0x05 0x08 0x00 0x00 0x00 0x9A 0xF1 0x5E </rx>
<tx>0x09 0x01 0x00 0x50 0x00 0x10 0x3C 0x9F </tx>
<rx>0x09 0x01 0x02 0x00 0x00 0x58 0x3D </rx>
<tx>0x09 0x01 0x00 0x60 0x00 0x10 0x3C 0x90 </tx>
<rx>0x09 0x01 0x02 0x00 0x00 0x58 0x3D </rx>
<tx>0x09 0x01 0x00 0x2C 0x00 0x04 0xFD 0x48 </tx>
<rx>0x09 0x01 0x01 0x23 0x12 0x31 </rx>
<tx>0x09 0x01 0x00 0x00 0x00 0x23 0x7C 0x9B </tx>
<rx>0x09 0x01 0x05 0x08 0x00 0x00 0x00 0x9A 0xF1 0x5E </rx>
<tx>0x09 0x01 0x00 0x50 0x00 0x10 0x3C 0x9F </tx>
<rx>0x09 0x01 0x02 0x00 0x00 0x58 0x3D </rx>
<tx>0x09 0x01 0x00 0x60 0x00 0x10 0x3C 0x90 </tx>
<rx>0x09 0x01 0x02 0x00 0x00 0x58 0x3D </rx>
<tx>0x09 0x01 0x00 0x2C 0x00 0x04 0xFD 0x48 </tx>
<rx>0x09 0x01 0x01 0x23 0x12 0x31 </rx>
<tx>0x09 0x01 0x00 0x00 0x00 0x23 0x7C 0x9B </tx>
<rx>0x09 0x01 0x05 0x08 0x00 0x00 0x00 0x9A 0xF1 0x5E </rx>
<tx>0x09 0x01 0x00 0x50 0x00 0x10 0x3C 0x9F </tx>
<rx>0x09 0x01 0x02 0x00 0x00 0x58 0x3D </rx>
<tx>0x09 0x01 0x00 0x60 0x00 0x10 0x3C 0x90 </tx>
<rx>0x09 0x01 0x02 0x00 0x00 0x58 0x3D </rx>
<tx>0x09 0x01 0x00 0x2C 0x00 0x04 0xFD 0x48 </tx>
<rx>0x09 0x01 0x01 0x23 0x12 0x31 </rx>
<tx>0x09 0x01 0x00 0x00 0x00 0x23 0x7C 0x9B </tx>
<rx>0x09 0x01 0x05 0x08 0x00 0x00 0x00 0x9A 0xF1 0x5E </rx>
<tx>0x09 0x01 0x00 0x50 0x00 0x10 0x3C 0x9F </tx>
<rx>0x09 0x01 0x02 0x00 0x00 0x58 0x3D </rx>
<tx>0x09 0x01 0x00 0x60 0x00 0x10 0x3C 0x90 </tx>
<rx>0x09 0x01 0x02 0x00 0x00 0x58 0x3D </rx>
<tx>0x09 0x01 0x00 0x2C 0x00 0x04 0xFD 0x48 </tx>
<rx>0x09 0x01 0x01 0x23 0x12 0x31 </rx>
<tx>0x09 0x01 0x00 0x00 0x00 0x23 0x7C 0x9B </tx>
<rx>0x09 0x01 0x05 0x08 0x00 0x00 0x00 0x9A 0xF1 0x5E </rx>
<tx>0x09 0x01 0x00 0x50 0x00 0x10 0x3C 0x9F </tx>
<rx>0x09 0x01 0x02 0x00 0x00 0x58 0x3D </rx>
<tx>0x09 0x01 0x00 0x60 0x00 0x10 0x3C 0x90 </tx>
<rx>0x09 0x01 0x02 0x00 0x00 0x58 0x3D </rx>
<tx>0x09 0x01 0x00 0x2C 0x00 0x04 0xFD 0x48 </tx>
<rx>0x09 0x01 0x01 0x23 0x12 0x31 </rx>
<tx>0x09 0x01 0x00 0x00 0x00 0x23 0x7C 0x9B </tx>
<rx>0x09 0x01 0x05 0x08 0x00 0x00 0x00 0x9A 0xF1 0x5E </rx>
<tx>0x09 0x01 0x00 0x50 0x00 0x10 0x3C 0x9F </tx>
<rx>0x09 0x01 0x02 0x00 0x00 0x58 0x3D </rx>
<tx>0x09 0x01 0x00 0x60 0x00 0x10 0x3C 0x90 </tx>
<rx>0x09 0x01 0x02 0x00 0x00 0x58 0x3D </rx>
<tx>0x09 0x01 0x00 0x2C 0x00 0x04 0xFD 0x48 </tx>
<rx>0x09 0x01 0x01 0x23 0x12 0x31 </rx>
<tx>0x09 0x01 0x00 0x00 0x00 0x23 0x7C 0x9B </tx>
<rx>0x09 0x01 0x05 0x08 0x00 0x00 0x00 0x9A 0xF1 0x5E </rx>
<tx>0x09 0x01 0x00 0x50 0x00 0x10 0x3C 0x9F </tx>
<rx>0x09 0x01 0x02 0x00 0x00 0x58 0x3D </rx>
<tx>0x09 0x01 0x00 0x60 0x00 0x10 0x3C 0x90 </tx>
<rx>0x09 0x01 0x02 0x00 0x00 0x58 0x3D </rx>
<tx>0x09 0x01 0x00 0x2C 0x00 0x04 0xFD 0x48 </tx>
<rx>0x09 0x01 0x01 0x23 0x12 0x31 </rx>
<tx>0x09 0x01 0x00 0x00 0x00 0x23 0x7C 0x9B </tx>
<rx>0x09 0x01 0x05 0x08 0x00 0x00 0x00 0x9A 0xF1 0x5E </rx>
<tx>0x09 0x01 0x00 0x50 0x00 0x10 0x3C 0x9F </tx>
<rx>0x09 0x01 0x02 0x00 0x00 0x58 0x3D </rx>
<tx>0x09 0x01 0x00 0x60 0x00 0x10 0x3C 0x90 </tx>
<rx>0x09 0x01 0x02 0x00 0x00 0x58 0x3D </rx>
<tx>0x09 0x01 0x00 0x2C 0x00 0x04 0xFD 0x48 </tx>
<rx>0x09 0x01 0x01 0x23 0x12 0x31 </rx>
<tx>0x09 0x01 0x00 0x00 0x00 0x23 0x7C 0x9B </tx>
<rx>0x09 0x01 0x05 0x08 0x00 0x00 0x00 0x9A 0xF1 0x5E </rx>
<tx>0x09 0x01 0x00 0x50 0x00 0x10 0x3C 0x9F </tx>
<rx>0x09 0x01 0x02 0x00 0x00 0x58 0x3D </rx>
<tx>0x09 0x01 0x00 0x60 0x00 0x10 0x3C 0x90 </tx>
<rx>0x09 0x01 0x02 0x00 0x00 0x58 0x3D </rx>
<tx>0x09 0x01 0x00 0x2C 0x00 0x04 0xFD 0x48 </tx>
<rx>0x09 0x01 0x01 0x23 0x12 0x31 </rx>
<tx>0x09 0x01 0x00 0x00 0x00 0x23 0x7C 0x9B </tx>
<rx>0x09 0x01 0x05 0x08 0x00 0x00 0x00 0x9A 0xF1 0x5E </rx>
<tx>0x09 0x01 0x00 0x50 0x00 0x10 0x3C 0x9F </tx>
<rx>0x09 0x01 0x02 0x00 0x00 0x58 0x3D </rx>
<tx>0x09 0x01 0x00 0x60 0x00 0x10 0x3C 0x90 </tx>
<rx>0x09 0x01 0x02 0x00 0x00 0x58 0x3D </rx>
<tx>0x09 0x01 0x00 0x2C 0x00 0x04 0xFD 0x48 </tx>
<rx>0x09 0x01 0x01 0x23 0x12 0x31 </rx>
<tx>0x09 0x01 0x00 0x00 0x00 0x23 0x7C 0x9B </tx>
<rx>0x09 0x01 0x05 0x08 0x00 0x00 0x00 0x9A 0xF1 0x5E </rx>
<tx>0x09 0x01 0x00 0x50 0x00 0x10 0x3C 0x9F </tx>
<rx>0x09 0x01 0x02 0x00 0x00 0x58 0x3D </rx>
<tx>0x09 0x01 0x00 0x60 0x00 0x10 0x3C 0x90 </tx>
<rx>0x09 0x01 0x02 0x00 0x00 0x58 0x3D </rx>
<tx>0x09 0x01 0x00 0x2C 0x00 0x04 0xFD 0x48 </tx>
<rx>0x09 0x01 0x01 0x23 0x12 0x31 </rx>
<tx>0x09 0x01 0x00 0x00 0x00 0x23 0x7C 0x9B </tx>
<rx>0x09 0x01 0x05 0x08 0x00 0x00 0x00 0x9A 0xF1 0x5E </rx>
<tx>0x09 0x01 0x00 0x50 0x00 0x10 0x3C 0x9F </tx>
<rx>0x09 0x01 0x02 0x00 0x00 0x58 0x3D </rx>
<tx>0x09 0x01 0x00 0x60 0x00 0x10 0x3C 0x90 </tx>
<rx>0x09 0x01 0x02 0x00 0x00 0x58 0x3D </rx>
<tx>0x09 0x01 0x00 0x2C 0x00 0x04 0xFD 0x48 </tx>
<rx>0x09 0x01 0x01 0x23 0x12 0x31 </rx>
<tx>0x09 0x01 0x00 0x00 0x00 0x23 0x7C 0x9B </tx>
<rx>0x09 0x01 0x05 0x08 0x00 0x00 0x00 0x9A 0xF1 0x5E </rx>
<tx>0x09 0x01 0x00 0x50 0x00 0x10 0x3C 0x9F </tx>
<rx>0x09 0x01 0x02 0x00 0x00 0x58 0x3D </rx>
<tx>0x09 0x01 0x00 0x60 0x00 0x10 0x3C 0x90 </tx>
<rx>0x09 0x01 0x02 0x00 0x00 0x58 0x3D </rx>
<tx>0x09 0x01 0x00 0x2C 0x00 0x04 0xFD 0x48 </tx>
<rx>0x09 0x01 0x01 0x23 0x12 0x31 </rx>
<tx>0x09 0x01 0x00 0x00 0x00 0x23 0x7C 0x9B </tx>
<rx>0x09 0x01 0x05 0x08 0x00 0x00 0x00 0x9A 0xF1 0x5E </rx>
<tx>0x09 0x01 0x00 0x50 0x00 0x10 0x3C 0x9F </tx>
<rx>0x09 0x01 0x02 0x00 0x00 0x58 0x3D </rx>
<tx>0x09 0x01 0x00 0x60 0x00 0x10 0x3C 0x90 </tx>
<rx>0x09 0x01 0x02 0x00 0x00 0x58 0x3D </rx>
<tx>0x09 0x01 0x00 0x2C 0x00 0x04 0xFD 0x48 </tx>
<rx>0x09 0x01 0x01 0x23 0x12 0x31 </rx>
<tx>0x09 0x01 0x00 0x00 0x00 0x23 0x7C 0x9B </tx>
<rx>0x09 0x01 0x05 0x08 0x00 0x00 0x00 0x9A 0xF1 0x5E </rx>
<tx>0x09 0x01 0x00 0x50 0x00 0x10 0x3C 0x9F </tx>
<rx>0x09 0x01 0x02 0x00 0x00 0x58 0x3D </rx>
<tx>0x09 0x01 0x00 0x60 0x00 0x10 0x3C 0x90 </tx>
<rx>0x09 0x01 0x02 0x00 0x00 0x58 0x3D </rx>
<tx>0x09 0x01 0x00 0x2C 0x00 0x04 0xFD 0x48 </tx>
<rx>0x09 0x01 0x01 0x23 0x12 0x31 </rx>
<tx>0x09 0x01 0x00 0x00 0x00 0x23 0x7C 0x9B </tx>
<rx>0x09 0x01 0x05 0x08 0x00 0x00 0x00 0x9A 0xF1 0x5E </rx>
<tx>0x09 0x01 0x00 0x50 0x00 0x10 0x3C 0x9F </tx>
<rx>0x09 0x01 0x02 0x00 0x00 0x58 0x3D </rx>
<tx>0x09 0x01 0x00 0x60 0x00 0x10 0x3C 0x90 </tx>
<rx>0x09 0x01 0x02 0x00 0x00 0x58 0x3D </rx>
<tx>0x09 0x01 0x00 0x2C 0x00 0x04 0xFD 0x48 </tx>
<rx>0x09 0x01 0x01 0x23 0x12 0x31 </rx>
<tx>0x09 0x01 0x00 0x00 0x00 0x23 0x7C 0x9B </tx>
<rx>0x09 0x01 0x05 0x08 0x00 0x00 0x00 0x9A 0xF1 0x5E </rx>
<tx>0x09 0x01 0x00 0x50 0x00 0x10 0x3C 0x9F </tx>
<rx>0x09 0x01 0x02 0x00 0x00 0x58 0x3D </rx>
<tx>0x09 0x01 0x00 0x60 0x00 0x10 0x3C 0x90 </tx>
<rx>0x09 0x01 0x02 0x00 0x00 0x58 0x3D </rx>
<tx>0x09 0x01 0x00 0x2C 0x00 0x04 0xFD 0x48 </tx>
<rx>0x09 0x01 0x01 0x23 0x12 0x31 </rx>
<tx>0x09 0x01 0x00 0x00 0x00 0x23 0x7C 0x9B </tx>
<rx>0x09 0x01 0x05 0x08 0x00 0x00 0x00 0x9A 0xF1 0x5E </rx>
<tx>0x09 0x01 0x00 0x50 0x00 0x10 0x3C 0x9F </tx>
<rx>0x09 0x01 0x02 0x00 0x00 0x58 0x3D </rx>
<tx>0x09 0x01 0x00 0x60 0x00 0x10 0x3C 0x90 </tx>
<rx>0x09 0x01 0x02 0x00 0x00 0x58 0x3D </rx>
<tx>0x09 0x01 0x00 0x2C 0x00 0x04 0xFD 0x48 </tx>
<rx>0x09 0x01 0x01 0x23 0x12 0x31 </rx>
<tx>0x09 0x01 0x00 0x00 0x00 0x23 0x7C 0x9B </tx>
<rx>0x09 0x01 0x05 0x08 0x00 0x00 0x00 0x9A 0xF1 0x5E </rx>
<tx>0x09 0x01 0x00 0x50 0x00 0x10 0x3C 0x9F </tx>
<rx>0x09 0x01 0x02 0x00 0x00 0x58 0x3D </rx>
<tx>0x09 0x01 0x00 0x60 0x00 0x10 0x3C 0x90 </tx>
<rx>0x09 0x01 0x02 0x00 0x00 0x58 0x3D </rx>
<tx>0x09 0x01 0x00 0x2C 0x00 0x04 0xFD 0x48 </tx>
<rx>0x09 0x01 0x01 0x23 0x12 0x31 </rx>
<tx>0x09 0x01 0x00 0x00 0x00 0x23 0x7C 0x9B </tx>
<rx>0x09 0x01 0x05 0x08 0x00 0x00 0x00 0x9A 0xF1 0x5E </rx>
<tx>0x09 0x01 0x00 0x50 0x00 0x10 0x3C 0x9F </tx>
<rx>0x09 0x01 0x02 0x00 0x00 0x58 0x3D </rx>
<tx>0x09 0x01 0x00 0x60 0x00 0x10 0x3C 0x90 </tx>
<rx>0x09 0x01 0x02 0x00 0x00 0x58 0x3D </rx>
<tx>0x09 0x01 0x00 0x2C 0x00 0x04 0xFD 0x48 </tx>
<rx>0x09 0x01 0x01 0x23 0x12 0x31 </rx>
